[    0.000000] Linux version 4.15.0-118-generic (buildd@lgw01-amd64-039) (gcc version 7.5.0 (Ubuntu 7.5.0-3ubuntu1~18.04)) #119-Ubuntu SMP Tue Sep 8 12:30:01 UTC 2020 (Ubuntu 4.15.0-118.119-generic 4.15.18)
[    0.000000] Command line: BOOT_IMAGE=/boot/vmlinuz-4.15.0-118-generic root=LABEL=cloudimg-rootfs ro console=tty1 console=ttyS0
[    0.000000] KERNEL supported cpus:
[    0.000000]   Intel GenuineIntel
[    0.000000]   AMD AuthenticAMD
[    0.000000]   Centaur CentaurHauls
[    0.000000] x86/fpu: Supporting XSAVE feature 0x001: 'x87 floating point registers'
[    0.000000] x86/fpu: Supporting XSAVE feature 0x002: 'SSE registers'
[    0.000000] x86/fpu: Supporting XSAVE feature 0x004: 'AVX registers'
[    0.000000] x86/fpu: xstate_offset[2]:  576, xstate_sizes[2]:  256
[    0.000000] x86/fpu: Enabled xstate features 0x7, context size is 832 bytes, using 'standard' format.
[    0.000000] e820: BIOS-provided physical RAM map:
[    0.000000] BIOS-e820: [mem 0x0000000000000000-0x000000000009fbff] usable
[    0.000000] BIOS-e820: [mem 0x000000000009fc00-0x000000000009ffff] reserved
[    0.000000] BIOS-e820: [mem 0x00000000000f0000-0x00000000000fffff] reserved
[    0.000000] BIOS-e820: [mem 0x0000000000100000-0x000000001ffeffff] usable
[    0.000000] BIOS-e820: [mem 0x000000001fff0000-0x000000001fffffff] ACPI data
[    0.000000] BIOS-e820: [mem 0x00000000fec00000-0x00000000fec00fff] reserved
[    0.000000] BIOS-e820: [mem 0x00000000fee00000-0x00000000fee00fff] reserved
[    0.000000] BIOS-e820: [mem 0x00000000fffc0000-0x00000000ffffffff] reserved
[    0.000000] NX (Execute Disable) protection: active
[    0.000000] SMBIOS 2.5 present.
[    0.000000] DMI: innotek GmbH VirtualBox/VirtualBox, BIOS VirtualBox 12/01/2006
[    0.000000] Hypervisor detected: KVM
[    0.000000] e820: last_pfn = 0x1fff0 max_arch_pfn = 0x400000000
[    0.000000] MTRR: Disabled
[    0.000000] x86/PAT: MTRRs disabled, skipping PAT initialization too.
[    0.000000] CPU MTRRs all blank - virtualized system.
[    0.000000] x86/PAT: Configuration [0-7]: WB  WT  UC- UC  WB  WT  UC- UC  
[    0.000000] found SMP MP-table at [mem 0x0009fff0-0x0009ffff]
[    0.000000] Scanning 1 areas for low memory corruption
[    0.000000] RAMDISK: [mem 0x1db8c000-0x1ee50fff]
[    0.000000] ACPI: Early table checksum verification disabled
[    0.000000] ACPI: RSDP 0x00000000000E0000 000024 (v02 VBOX  )
[    0.000000] ACPI: XSDT 0x000000001FFF0030 00003C (v01 VBOX   VBOXXSDT 00000001 ASL  00000061)
[    0.000000] ACPI: FACP 0x000000001FFF00F0 0000F4 (v04 VBOX   VBOXFACP 00000001 ASL  00000061)
[    0.000000] ACPI: DSDT 0x000000001FFF0470 002325 (v02 VBOX   VBOXBIOS 00000002 INTL 20100528)
[    0.000000] ACPI: FACS 0x000000001FFF0200 000040
[    0.000000] ACPI: FACS 0x000000001FFF0200 000040
[    0.000000] ACPI: APIC 0x000000001FFF0240 000054 (v02 VBOX   VBOXAPIC 00000001 ASL  00000061)
[    0.000000] ACPI: SSDT 0x000000001FFF02A0 0001CC (v01 VBOX   VBOXCPUT 00000002 INTL 20100528)
[    0.000000] No NUMA configuration found
[    0.000000] Faking a node at [mem 0x0000000000000000-0x000000001ffeffff]
[    0.000000] NODE_DATA(0) allocated [mem 0x1ffc5000-0x1ffeffff]
[    0.000000] kvm-clock: cpu 0, msr 0:1ff44001, primary cpu clock
[    0.000000] kvm-clock: Using msrs 4b564d01 and 4b564d00
[    0.000000] kvm-clock: using sched offset of 4574035061 cycles
[    0.000000] clocksource: kvm-clock: mask: 0xffffffffffffffff max_cycles: 0x1cd42e4dffb, max_idle_ns: 881590591483 ns
[    0.000000] Zone ranges:
[    0.000000]   DMA      [mem 0x0000000000001000-0x0000000000ffffff]
[    0.000000]   DMA32    [mem 0x0000000001000000-0x000000001ffeffff]
[    0.000000]   Normal   empty
[    0.000000]   Device   empty
[    0.000000] Movable zone start for each node
[    0.000000] Early memory node ranges
[    0.000000]   node   0: [mem 0x0000000000001000-0x000000000009efff]
[    0.000000]   node   0: [mem 0x0000000000100000-0x000000001ffeffff]
[    0.000000] Reserved but unavailable: 98 pages
[    0.000000] Initmem setup node 0 [mem 0x0000000000001000-0x000000001ffeffff]
[    0.000000] ACPI: PM-Timer IO Port: 0x4008
[    0.000000] IOAPIC[0]: apic_id 1, version 32, address 0xfec00000, GSI 0-23
[    0.000000] ACPI: INT_SRC_OVR (bus 0 bus_irq 0 global_irq 2 dfl dfl)
[    0.000000] ACPI: INT_SRC_OVR (bus 0 bus_irq 9 global_irq 9 low level)
[    0.000000] Using ACPI (MADT) for SMP configuration information
[    0.000000] smpboot: Allowing 1 CPUs, 0 hotplug CPUs
[    0.000000] PM: Registered nosave memory: [mem 0x00000000-0x00000fff]
[    0.000000] PM: Registered nosave memory: [mem 0x0009f000-0x0009ffff]
[    0.000000] PM: Registered nosave memory: [mem 0x000a0000-0x000effff]
[    0.000000] PM: Registered nosave memory: [mem 0x000f0000-0x000fffff]
[    0.000000] e820: [mem 0x20000000-0xfebfffff] available for PCI devices
[    0.000000] Booting paravirtualized kernel on KVM
[    0.000000] clocksource: refined-jiffies: mask: 0xffffffff max_cycles: 0xffffffff, max_idle_ns: 7645519600211568 ns
[    0.000000] random: get_random_bytes called from start_kernel+0x99/0x500 with crng_init=0
[    0.000000] setup_percpu: NR_CPUS:8192 nr_cpumask_bits:1 nr_cpu_ids:1 nr_node_ids:1
[    0.000000] percpu: Embedded 45 pages/cpu s147456 r8192 d28672 u2097152
[    0.000000] PV qspinlock hash table entries: 256 (order: 0, 4096 bytes)
[    0.000000] Built 1 zonelists, mobility grouping on.  Total pages: 128889
[    0.000000] Policy zone: DMA32
[    0.000000] Kernel command line: BOOT_IMAGE=/boot/vmlinuz-4.15.0-118-generic root=LABEL=cloudimg-rootfs ro console=tty1 console=ttyS0
[    0.000000] Memory: 467112K/523832K available (12300K kernel code, 2482K rwdata, 4272K rodata, 2436K init, 2724K bss, 56720K reserved, 0K cma-reserved)
[    0.000000] SLUB: HWalign=64, Order=0-3, MinObjects=0, CPUs=1, Nodes=1
[    0.000000] Kernel/User page tables isolation: enabled
[    0.000000] ftrace: allocating 39396 entries in 154 pages
[    0.004000] Hierarchical RCU implementation.
[    0.004000] 	RCU restricting CPUs from NR_CPUS=8192 to nr_cpu_ids=1.
[    0.004000] 	Tasks RCU enabled.
[    0.004000] RCU: Adjusting geometry for rcu_fanout_leaf=16, nr_cpu_ids=1
[    0.004000] NR_IRQS: 524544, nr_irqs: 256, preallocated irqs: 16
[    0.004000] Console: colour VGA+ 80x25
[    0.004000] console [tty1] enabled
[    0.004000] console [ttyS0] enabled
[    0.004000] ACPI: Core revision 20170831
[    0.004000] ACPI: 2 ACPI AML tables successfully acquired and loaded
[    0.004000] APIC: Switch to symmetric I/O mode setup
[    0.004000] x2apic enabled
[    0.004008] Switched APIC routing to physical x2apic.
[    0.009025] ..TIMER: vector=0x30 apic1=0 pin1=2 apic2=-1 pin2=-1
[    0.012003] tsc: Detected 2208.000 MHz processor
[    0.013006] Calibrating delay loop (skipped) preset value.. 4416.00 BogoMIPS (lpj=8832000)
[    0.016004] pid_max: default: 32768 minimum: 301
[    0.017059] Security Framework initialized
[    0.018071] Yama: becoming mindful.
[    0.020025] AppArmor: AppArmor initialized
[    0.021104] Dentry cache hash table entries: 65536 (order: 7, 524288 bytes)
[    0.022815] Inode-cache hash table entries: 32768 (order: 6, 262144 bytes)
[    0.024021] Mount-cache hash table entries: 1024 (order: 1, 8192 bytes)
[    0.025911] Mountpoint-cache hash table entries: 1024 (order: 1, 8192 bytes)
[    0.028448] process: using mwait in idle threads
[    0.030235] Last level iTLB entries: 4KB 64, 2MB 8, 4MB 8
[    0.032007] Last level dTLB entries: 4KB 64, 2MB 0, 4MB 0, 1GB 4
[    0.033655] Spectre V1 : Mitigation: usercopy/swapgs barriers and __user pointer sanitization
[    0.036005] Spectre V2 : Mitigation: Full generic retpoline
[    0.037562] Spectre V2 : Spectre v2 / SpectreRSB mitigation: Filling RSB on context switch
[    0.040004] Speculative Store Bypass: Vulnerable
[    0.041446] SRBDS: Unknown: Dependent on hypervisor status
[    0.043345] MDS: Mitigation: Clear CPU buffers
[    0.059084] Freeing SMP alternatives memory: 36K
[    0.170402] smpboot: CPU0: Intel(R) Core(TM) i7-8750H CPU @ 2.20GHz (family: 0x6, model: 0x9e, stepping: 0xa)
[    0.172000] Performance Events: unsupported p6 CPU model 158 no PMU driver, software events only.
[    0.172047] Hierarchical SRCU implementation.
[    0.174520] NMI watchdog: Perf event create on CPU 0 failed with -2
[    0.176004] NMI watchdog: Perf NMI watchdog permanently disabled
[    0.178532] smp: Bringing up secondary CPUs ...
[    0.180004] smp: Brought up 1 node, 1 CPU
[    0.180899] smpboot: Max logical packages: 1
[    0.184008] smpboot: Total of 1 processors activated (4416.00 BogoMIPS)
[    0.186713] devtmpfs: initialized
[    0.188059] x86/mm: Memory block size: 128MB
[    0.189081] evm: security.selinux
[    0.189817] evm: security.SMACK64
[    0.190547] evm: security.SMACK64EXEC
[    0.191347] evm: security.SMACK64TRANSMUTE
[    0.192003] evm: security.SMACK64MMAP
[    0.192786] evm: security.apparmor
[    0.193510] evm: security.ima
[    0.194163] evm: security.capability
[    0.195021] clocksource: jiffies: mask: 0xffffffff max_cycles: 0xffffffff, max_idle_ns: 7645041785100000 ns
[    0.196011] futex hash table entries: 256 (order: 2, 16384 bytes)
[    0.197389] pinctrl core: initialized pinctrl subsystem
[    0.200105] RTC time: 10:20:00, date: 10/15/20
[    0.201105] NET: Registered protocol family 16
[    0.202081] audit: initializing netlink subsys (disabled)
[    0.203211] audit: type=2000 audit(1602757207.214:1): state=initialized audit_enabled=0 res=1
[    0.204104] cpuidle: using governor ladder
[    0.205494] cpuidle: using governor menu
[    0.206434] ACPI: bus type PCI registered
[    0.208003] acpiphp: ACPI Hot Plug PCI Controller Driver version: 0.5
[    0.209328] PCI: Using configuration type 1 for base access
[    0.211233] HugeTLB registered 2.00 MiB page size, pre-allocated 0 pages
[    0.212129] ACPI: Added _OSI(Module Device)
[    0.212970] ACPI: Added _OSI(Processor Device)
[    0.214101] ACPI: Added _OSI(3.0 _SCP Extensions)
[    0.216004] ACPI: Added _OSI(Processor Aggregator Device)
[    0.217389] ACPI: Added _OSI(Linux-Dell-Video)
[    0.218192] ACPI: Added _OSI(Linux-Lenovo-NV-HDMI-Audio)
[    0.220011] ACPI: Added _OSI(Linux-HPI-Hybrid-Graphics)
[    0.221246] ACPI: Executed 1 blocks of module-level executable AML code
[    0.224668] ACPI: Interpreter enabled
[    0.225500] ACPI: (supports S0 S5)
[    0.226132] ACPI: Using IOAPIC for interrupt routing
[    0.227278] PCI: Using host bridge windows from ACPI; if necessary, use "pci=nocrs" and report a bug
[    0.228162] ACPI: Enabled 2 GPEs in block 00 to 07
[    0.234922] ACPI: PCI Root Bridge [PCI0] (domain 0000 [bus 00-ff])
[    0.236006] acpi PNP0A03:00: _OSC: OS supports [ASPM ClockPM Segments MSI]
[    0.237926] acpi PNP0A03:00: _OSC: not requesting OS control; OS requires [ExtendedConfig ASPM ClockPM MSI]
[    0.240009] acpi PNP0A03:00: fail to add MMCONFIG information, can't access extended PCI configuration space under this bridge.
[    0.242671] PCI host bridge to bus 0000:00
[    0.243462] pci_bus 0000:00: root bus resource [io  0x0000-0x0cf7 window]
[    0.244002] pci_bus 0000:00: root bus resource [io  0x0d00-0xffff window]
[    0.245112] pci_bus 0000:00: root bus resource [mem 0x000a0000-0x000bffff window]
[    0.246392] pci_bus 0000:00: root bus resource [mem 0x20000000-0xfdffffff window]
[    0.248002] pci_bus 0000:00: root bus resource [bus 00-ff]
[    0.252185] pci 0000:00:01.1: legacy IDE quirk: reg 0x10: [io  0x01f0-0x01f7]
[    0.253347] pci 0000:00:01.1: legacy IDE quirk: reg 0x14: [io  0x03f6]
[    0.254453] pci 0000:00:01.1: legacy IDE quirk: reg 0x18: [io  0x0170-0x0177]
[    0.256000] pci 0000:00:01.1: legacy IDE quirk: reg 0x1c: [io  0x0376]
[    0.266547] pci 0000:00:07.0: quirk: [io  0x4000-0x403f] claimed by PIIX4 ACPI
[    0.268020] pci 0000:00:07.0: quirk: [io  0x4100-0x410f] claimed by PIIX4 SMB
[    0.274860] ACPI: PCI Interrupt Link [LNKA] (IRQs 5 9 10 *11)
[    0.276306] ACPI: PCI Interrupt Link [LNKB] (IRQs 5 9 *10 11)
[    0.277613] ACPI: PCI Interrupt Link [LNKC] (IRQs 5 *9 10 11)
[    0.278672] ACPI: PCI Interrupt Link [LNKD] (IRQs 5 9 10 *11)
[    0.280288] SCSI subsystem initialized
[    0.281027] pci 0000:00:02.0: vgaarb: setting as boot VGA device
[    0.282021] pci 0000:00:02.0: vgaarb: VGA device added: decodes=io+mem,owns=io+mem,locks=none
[    0.283430] pci 0000:00:02.0: vgaarb: bridge control possible
[    0.284002] vgaarb: loaded
[    0.284506] ACPI: bus type USB registered
[    0.285203] usbcore: registered new interface driver usbfs
[    0.286207] usbcore: registered new interface driver hub
[    0.287100] usbcore: registered new device driver usb
[    0.288042] EDAC MC: Ver: 3.0.0
[    0.288899] PCI: Using ACPI for IRQ routing
[    0.289907] NetLabel: Initializing
[    0.290585] NetLabel:  domain hash size = 128
[    0.292001] NetLabel:  protocols = UNLABELED CIPSOv4 CALIPSO
[    0.292953] NetLabel:  unlabeled traffic allowed by default
[    0.293954] clocksource: Switched to clocksource kvm-clock
[    0.304948] VFS: Disk quotas dquot_6.6.0
[    0.306308] VFS: Dquot-cache hash table entries: 512 (order 0, 4096 bytes)
[    0.308737] AppArmor: AppArmor Filesystem Enabled
[    0.309703] pnp: PnP ACPI init
[    0.311650] pnp: PnP ACPI: found 3 devices
[    0.325700] clocksource: acpi_pm: mask: 0xffffff max_cycles: 0xffffff, max_idle_ns: 2085701024 ns
[    0.328919] NET: Registered protocol family 2
[    0.330089] TCP established hash table entries: 4096 (order: 3, 32768 bytes)
[    0.332019] TCP bind hash table entries: 4096 (order: 4, 65536 bytes)
[    0.333916] TCP: Hash tables configured (established 4096 bind 4096)
[    0.335344] UDP hash table entries: 256 (order: 1, 8192 bytes)
[    0.336595] UDP-Lite hash table entries: 256 (order: 1, 8192 bytes)
[    0.337953] NET: Registered protocol family 1
[    0.339056] pci 0000:00:00.0: Limiting direct PCI/PCI transfers
[    0.340321] pci 0000:00:01.0: Activating ISA DMA hang workarounds
[    0.341611] pci 0000:00:02.0: Video device with shadowed ROM at [mem 0x000c0000-0x000dffff]
[    0.343530] Unpacking initramfs...
[    0.647806] Freeing initrd memory: 19220K
[    0.649169] clocksource: tsc: mask: 0xffffffffffffffff max_cycles: 0x1fd3b81b95f, max_idle_ns: 440795257325 ns
[    0.651117] platform rtc_cmos: registered platform RTC device (no PNP device found)
[    0.652611] Scanning for low memory corruption every 60 seconds
[    0.654759] Initialise system trusted keyrings
[    0.655799] Key type blacklist registered
[    0.656725] workingset: timestamp_bits=36 max_order=17 bucket_order=0
[    0.658707] zbud: loaded
[    0.659611] squashfs: version 4.0 (2009/01/31) Phillip Lougher
[    0.660865] fuse init (API version 7.26)
[    0.662214] Key type asymmetric registered
[    0.663029] Asymmetric key parser 'x509' registered
[    0.663976] Block layer SCSI generic (bsg) driver version 0.4 loaded (major 246)
[    0.665459] io scheduler noop registered
[    0.666229] io scheduler deadline registered
[    0.667071] io scheduler cfq registered (default)
[    0.668360] ACPI: AC Adapter [AC] (off-line)
[    0.669292] input: Power Button as /devices/LNXSYSTM:00/LNXPWRBN:00/input/input0
[    0.670969] ACPI: Power Button [PWRF]
[    0.671832] input: Sleep Button as /devices/LNXSYSTM:00/LNXSLPBN:00/input/input1
[    0.673368] ACPI: Sleep Button [SLPF]
[    0.675447] ACPI: Battery Slot [BAT0] (battery present)
[    0.677125] Serial: 8250/16550 driver, 32 ports, IRQ sharing enabled
[    0.699925] 00:02: ttyS0 at I/O 0x3f8 (irq = 4, base_baud = 115200) is a 16550A
[    0.704189] Linux agpgart interface v0.103
[    0.705975] loop: module loaded
[    0.706952] scsi host0: ata_piix
[    0.707752] scsi host1: ata_piix
[    0.708359] ata1: PATA max UDMA/33 cmd 0x1f0 ctl 0x3f6 bmdma 0xd000 irq 14
[    0.709471] ata2: PATA max UDMA/33 cmd 0x170 ctl 0x376 bmdma 0xd008 irq 15
[    0.711009] libphy: Fixed MDIO Bus: probed
[    0.711715] tun: Universal TUN/TAP device driver, 1.6
[    0.712632] PPP generic driver version 2.4.2
[    0.713393] ehci_hcd: USB 2.0 'Enhanced' Host Controller (EHCI) Driver
[    0.714882] ehci-pci: EHCI PCI platform driver
[    0.715633] ehci-platform: EHCI generic platform driver
[    0.716520] ohci_hcd: USB 1.1 'Open' Host Controller (OHCI) Driver
[    0.717561] ohci-pci: OHCI PCI platform driver
[    0.718304] ohci-platform: OHCI generic platform driver
[    0.719164] uhci_hcd: USB Universal Host Controller Interface driver
[    0.720356] i8042: PNP: PS/2 Controller [PNP0303:PS2K,PNP0f03:PS2M] at 0x60,0x64 irq 1,12
[    0.722694] serio: i8042 KBD port at 0x60,0x64 irq 1
[    0.724224] serio: i8042 AUX port at 0x60,0x64 irq 12
[    0.725690] mousedev: PS/2 mouse device common for all mice
[    0.727207] input: AT Translated Set 2 keyboard as /devices/platform/i8042/serio0/input/input2
[    0.728968] rtc_cmos rtc_cmos: rtc core: registered rtc_cmos as rtc0
[    0.730044] rtc_cmos rtc_cmos: alarms up to one day, 114 bytes nvram
[    0.731083] i2c /dev entries driver
[    0.731719] device-mapper: uevent: version 1.0.3
[    0.732558] device-mapper: ioctl: 4.37.0-ioctl (2017-09-20) initialised: dm-devel@redhat.com
[    0.733956] ledtrig-cpu: registered to indicate activity on CPUs
[    0.735026] intel_pmc_core:  initialized
[    0.735910] NET: Registered protocol family 10
[    0.738763] Segment Routing with IPv6
[    0.739537] NET: Registered protocol family 17
[    0.740349] Key type dns_resolver registered
[    0.741133] mce: Using 0 MCE banks
[    0.741729] RAS: Correctable Errors collector initialized.
[    0.742642] sched_clock: Marking stable (740316264, 0)->(945349462, -205033198)
[    0.743945] registered taskstats version 1
[    0.744678] Loading compiled-in X.509 certificates
[    0.747102] Loaded X.509 cert 'Build time autogenerated kernel key: 12f2d460e247d21dc5d156478bb7d4abc0f5a070'
[    0.749179] zswap: loaded using pool lzo/zbud
[    0.751829] Key type big_key registered
[    0.752650] Key type trusted registered
[    0.754466] Key type encrypted registered
[    0.755533] AppArmor: AppArmor sha1 policy hashing enabled
[    0.756632] ima: No TPM chip found, activating TPM-bypass! (rc=-19)
[    0.757659] ima: Allocated hash algorithm: sha1
[    0.758422] evm: HMAC attrs: 0x1
[    0.759251]   Magic number: 8:482:325
[    0.759933] rtc_cmos rtc_cmos: setting system clock to 2020-10-15 10:20:01 UTC (1602757201)
[    0.761404] BIOS EDD facility v0.16 2004-Jun-25, 0 devices found
[    0.762388] EDD information not available.
[    0.894715] Freeing unused kernel image memory: 2436K
[    0.904614] Write protecting the kernel read-only data: 20480k
[    0.906366] Freeing unused kernel image memory: 2008K
[    0.907786] Freeing unused kernel image memory: 1872K
[    0.917354] x86/mm: Checked W+X mappings: passed, no W+X pages found.
[    0.919472] x86/mm: Checking user space page tables
[    0.928138] x86/mm: Checked W+X mappings: passed, no W+X pages found.
Loading, please wait...
starting version 237
[    1.027542] Fusion MPT base driver 3.04.20
[    1.028596] Copyright (c) 1999-2008 LSI Corporation
[    1.034792] e1000: Intel(R) PRO/1000 Network Driver - version 7.3.21-k8-NAPI
[    1.036178] e1000: Copyright (c) 1999-2006 Intel Corporation.
[    1.053549] Fusion MPT SPI Host driver 3.04.20
[    1.057625] AVX2 version of gcm_enc/dec engaged.
[    1.058458] AES CTR mode by8 optimization enabled
[    1.237937] input: ImExPS/2 Generic Explorer Mouse as /devices/platform/i8042/serio1/input/input4
[    1.453473] e1000 0000:00:03.0 eth0: (PCI:33MHz:32-bit) 02:7d:29:b6:4b:3c
[    1.455114] e1000 0000:00:03.0 eth0: Intel(R) PRO/1000 Network Connection
[    1.457737] mptbase: ioc0: Initiating bringup
[    1.552692] ioc0: LSI53C1030 A0: Capabilities={Initiator}
[    1.794923] scsi host2: ioc0: LSI53C1030 A0, FwRev=00000000h, Ports=1, MaxQ=256, IRQ=20
[    1.964626] scsi 2:0:0:0: Direct-Access     VBOX     HARDDISK         1.0  PQ: 0 ANSI: 5
[    1.966547] scsi target2:0:0: Beginning Domain Validation
[    1.970819] random: fast init done
[    1.972328] scsi target2:0:0: Domain Validation skipping write tests
[    1.974209] scsi target2:0:0: Ending Domain Validation
[    1.975819] scsi target2:0:0: asynchronous
[    1.977798] scsi 2:0:1:0: Direct-Access     VBOX     HARDDISK         1.0  PQ: 0 ANSI: 5
[    1.980200] scsi target2:0:1: Beginning Domain Validation
[    1.983001] scsi target2:0:1: Domain Validation skipping write tests
[    1.984410] scsi target2:0:1: Ending Domain Validation
[    1.986027] scsi target2:0:1: asynchronous
[    1.991024] random: systemd-udevd: uninitialized urandom read (16 bytes read)
[    1.992702] random: systemd-udevd: uninitialized urandom read (16 bytes read)
[    1.994297] random: systemd-udevd: uninitialized urandom read (16 bytes read)
[    1.996206] sd 2:0:0:0: Attached scsi generic sg0 type 0
[    1.997576] sd 2:0:0:0: [sda] 20971520 512-byte logical blocks: (10.7 GB/10.0 GiB)
[    1.999331] sd 2:0:0:0: [sda] Write Protect is off
[    2.000712] sd 2:0:0:0: [sda] Incomplete mode parameter data
[    2.002129] sd 2:0:0:0: [sda] Assuming drive cache: write through
[    2.003635] sd 2:0:1:0: Attached scsi generic sg1 type 0
[    2.004976] sd 2:0:1:0: [sdb] 20480 512-byte logical blocks: (10.5 MB/10.0 MiB)
[    2.011220] sd 2:0:1:0: [sdb] Write Protect is off
[    2.012635] sd 2:0:1:0: [sdb] Incomplete mode parameter data
[    2.013957] sd 2:0:1:0: [sdb] Assuming drive cache: write through
[    2.017183]  sda: sda1
[    2.018390] sd 2:0:0:0: [sda] Attached SCSI disk
[    2.047553] sd 2:0:1:0: [sdb] Attached SCSI disk
[    2.401684] e1000 0000:00:08.0 eth1: (PCI:33MHz:32-bit) 08:00:27:ea:23:d6
[    2.403689] e1000 0000:00:08.0 eth1: Intel(R) PRO/1000 Network Connection
[    2.406082] e1000 0000:00:08.0 enp0s8: renamed from eth1
[    2.409492] e1000 0000:00:03.0 enp0s3: renamed from eth0
Begin: Loading essential drivers ... [    3.756040] raid6: sse2x1   gen() 13336 MB/s
[    3.807532] raid6: sse2x1   xor()  9851 MB/s
[    3.856111] raid6: sse2x2   gen() 16551 MB/s
[    3.907356] raid6: sse2x2   xor() 11810 MB/s
[    3.962021] raid6: sse2x4   gen() 22087 MB/s
[    4.012204] raid6: sse2x4   xor() 10130 MB/s
[    4.061846] raid6: avx2x1   gen() 27176 MB/s
[    4.108211] raid6: avx2x1   xor() 17163 MB/s
[    4.161325] raid6: avx2x2   gen() 34804 MB/s
[    4.209732] raid6: avx2x2   xor() 18245 MB/s
[    4.259751] raid6: avx2x4   gen() 38824 MB/s
[    4.309787] raid6: avx2x4   xor() 21660 MB/s
[    4.310643] raid6: using algorithm avx2x4 gen() 38824 MB/s
[    4.311676] raid6: .... xor() 21660 MB/s, rmw enabled
[    4.312659] raid6: using avx2x2 recovery algorithm
[    4.315030] xor: automatically using best checksumming function   avx       
[    4.317500] async_tx: api initialized (async)
done.
Begin: Running /scripts/init-premount ... done.
Begin: Mounting root file system ... Begin: Running /scripts/local-top ... done.
Begin: Running /scripts/local-premount ... [    4.359974] Btrfs loaded, crc32c=crc32c-intel
Scanning for Btrfs filesystems
done.
Warning: fsck not present, so skipping root file system
[    4.383488] EXT4-fs (sda1): mounted filesystem with ordered data mode. Opts: (null)
done.
Begin: Running /scripts/local-bottom ... done.
Begin: Running /scripts/init-bottom ... done.
[    4.546690] ip_tables: (C) 2000-2006 Netfilter Core Team
[    4.554951] systemd[1]: systemd 237 running in system mode. (+PAM +AUDIT +SELINUX +IMA +APPARMOR +SMACK +SYSVINIT +UTMP +LIBCRYPTSETUP +GCRYPT +GNUTLS +ACL +XZ +LZ4 +SECCOMP +BLKID +ELFUTILS +KMOD -IDN2 +IDN -PCRE2 default-hierarchy=hybrid)
[    4.558494] systemd[1]: Detected virtualization oracle.
[    4.559381] systemd[1]: Detected architecture x86-64.

Welcome to [1mUbuntu 18.04.5 LTS[0m!

[    4.563038] systemd[1]: Set hostname to <ubuntu>.
[    4.567518] systemd[1]: Initializing machine ID from random generator.
[    4.568833] systemd[1]: Installed transient /etc/machine-id file.
[    4.812207] systemd[1]: Created slice System Slice.
[[0;32m  OK  [0m] Created slice System Slice.
[    4.813876] systemd[1]: Listening on udev Kernel Socket.
[[0;32m  OK  [0m] Listening on udev Kernel Socket.
[    4.824987] systemd[1]: Created slice system-serial\x2dgetty.slice.
[[0;32m  OK  [0m] Created slice system-serial\x2dgetty.slice.
[    4.828204] systemd[1]: Set up automount Arbitrary Executable File Formats File System Automount Point.
[[0;32m  OK  [0m] Set up automount Arbitrary Executab…rmats File System Automount Point.
[[0;32m  OK  [0m] Listening on udev Control Socket.
[[0;32m  OK  [0m] Listening on Device-mapper event daemon FIFOs.
[[0;32m  OK  [0m] Reached target User and Group Name Lookups.
[[0;32m  OK  [0m] Listening on Syslog Socket.
[[0;32m  OK  [0m] Listening on Journal Socket.
         Mounting Huge Pages File System...
         Starting Load Kernel Modules...
         Starting Uncomplicated firewall...
[    4.919758] Loading iSCSI transport class v2.0-870.
         Starting Set the console keyboard layout...
[[0;32m  OK  [0m] Listening on LVM2 metadata daemon socket.
         Starting Monitoring of LVM2 mirrors…ng dmeventd or progress polling...
[    4.935342] iscsi: registered transport (tcp)
         Starting Remount Root and Kernel File Systems...
         Mounting POSIX Message Queue File System...
[[0;32m  OK  [0m] Listening on LVM2 poll daemon socket.
[[0;32m  OK  [0m] Reached target System Time Synchronized.
[[0;32m  OK  [0m] Listening on Network Service Netlink Socket.
[[0;32m  OK  [0m] Reached target Swap.
         Mounting Kernel Debug File System...
[[0;32m  OK  [0m] Started Forward Password Requests to Wall Directory Watch.
[[0;32m  OK  [0m] Listening on Journal Socket (/dev/log).
         Starting udev Coldplug all Devices...
[[0;32m  OK  [0m] Listening on Journal Audit Socket.
         Starting Journal Service...
[[0;32m  OK  [0m] Created slice User and Session Slice.
[[0;32m  OK  [0m] Reached target Slices.
         Starting Create list of required st…ce nodes for the current kernel...
[[0;32m  OK  [0m] Listening on /dev/initctl Compatibility Named Pipe.
[[0;32m  OK  [0m] Mounted Huge Pages File System.
[[0;32m  OK  [0m] Started Uncomplicated firewall.
[[0;32m  OK  [0m] Mounted POSIX Message Queue File System.
[[0;32m  OK  [0m] Mounted Kernel Debug File System.
[    5.023057] iscsi: registered transport (iser)
[[0;32m  OK  [0m] Started LVM2 metadata daemon.
[[0;32m  OK  [0m] Started Load Kernel Modules.
         Mounting FUSE Control File System...
         Mounting Kernel Configuration File System...
         Starting Apply Kernel Variables...
[    5.079900] EXT4-fs (sda1): re-mounted. Opts: (null)
[[0;32m  OK  [0m] Started Create list of required sta…vice nodes for the current kernel.
[[0;32m  OK  [0m] Mounted FUSE Control File System.
[[0;32m  OK  [0m] Mounted Kernel Configuration File System.
         Starting Create Static Device Nodes in /dev...
[[0;32m  OK  [0m] Started Remount Root and Kernel File Systems.
         Starting Load/Save Random Seed...
[[0;32m  OK  [0m] Started Journal Service.
[[0;32m  OK  [0m] Started Create Static Device Nodes in /dev.
[[0;32m  OK  [0m] Started Load/Save Random Seed.
[[0;32m  OK  [0m] Started Monitoring of LVM2 mirrors,…sing dmeventd or progress polling.
[[0;32m  OK  [0m] Started Apply Kernel Variables.
[[0;32m  OK  [0m] Started udev Coldplug all Devices.
         Starting udev Kernel Device Manager...
         Starting Flush Journal to Persistent Storage...
[[0;32m  OK  [0m] Started Set the console keyboard layout.
[[0;32m  OK  [0m] Reached target Local File Systems (Pre).
[[0;32m  OK  [0m] Reached target Local File Systems.
         Starting Tell Plymouth To Write Out Runtime Data...
         Starting Commit a transient machine-id on disk...
         Starting ebtables ruleset management...
         Starting Set console font and keymap...
         Starting AppArmor initialization...
[[0;32m  OK  [0m] Started udev Kernel Device Manager.
[[0;32m  OK  [0m] Started Dispatch Password Requests to Console Directory Watch.
[[0;32m  OK  [0m] Reached target Local Encrypted Volumes.
[[0;32m  OK  [0m] Started Tell Plymouth To Write Out Runtime Data.
[[0;32m  OK  [0m] Started Commit a transient machine-id on disk.
[[0;32m  OK  [0m] Started Set console font and keymap.
[[0;32m  OK  [0m] Started Flush Journal to Persistent Storage.
         Starting Create Volatile Files and Directories...
[[0;32m  OK  [0m] Started Create Volatile Files and Directories.
         Starting Update UTMP about System Boot/Shutdown...
[[0;32m  OK  [0m] Started Update UTMP about System Boot/Shutdown.
[[0;32m  OK  [0m] Started ebtables ruleset management.
[[0;32m  OK  [0m] Found device /dev/ttyS0.
[[0;32m  OK  [0m] Listening on Load/Save RF Kill Switch Status /dev/rfkill Watch.
[[0;32m  OK  [0m] Started AppArmor initialization.
         Starting Load AppArmor profiles managed internally by snapd...
         Starting Initial cloud-init job (pre-networking)...
[[0;32m  OK  [0m] Started Load AppArmor profiles managed internally by snapd.
[    8.095729] cloud-init[584]: Cloud-init v. 20.3-2-g371b392c-0ubuntu1~18.04.1 running 'init-local' at Thu, 15 Oct 2020 10:20:08 +0000. Up 7.76 seconds.
[[0;32m  OK  [0m] Started Initial cloud-init job (pre-networking).
[[0;32m  OK  [0m] Reached target Network (Pre).
         Starting Network Service...
[[0;32m  OK  [0m] Started Network Service.
         Starting Wait for Network to be Configured...
         Starting Network Name Resolution...
[[0;32m  OK  [0m] Started Network Name Resolution.
[[0;32m  OK  [0m] Reached target Network.
[[0;32m  OK  [0m] Reached target Host and Network Name Lookups.
[[0;32m  OK  [0m] Started Wait for Network to be Configured.
         Starting Initial cloud-init job (metadata service crawler)...
[   10.164586] cloud-init[656]: Cloud-init v. 20.3-2-g371b392c-0ubuntu1~18.04.1 running 'init' at Thu, 15 Oct 2020 10:20:10 +0000. Up 10.04 seconds.
[   10.176244] cloud-init[656]: ci-info: ++++++++++++++++++++++++++++++++++++++Net device info+++++++++++++++++++++++++++++++++++++++
[   10.188262] cloud-init[656]: ci-info: +--------+-------+----------------------------+---------------+--------+-------------------+
[   10.200219] cloud-init[656]: ci-info: | Device |   Up  |          Address           |      Mask     | Scope  |     Hw-Address    |
[   10.212724] cloud-init[656]: ci-info: +--------+-------+----------------------------+---------------+--------+-------------------+
[   10.224729] cloud-init[656]: ci-info: | enp0s3 |  True |         10.0.2.15          | 255.255.255.0 | global | 02:7d:29:b6:4b:3c |
[   10.227034] cloud-init[656]: ci-info: | enp0s3 |  True | fe80::7d:29ff:feb6:4b3c/64 |       .       |  link  | 02:7d:29:b6:4b:3c |
[   10.228697] cloud-init[656]: ci-info: | enp0s8 | False |             .              |       .       |   .    | 08:00:27:ea:23:d6 |
[   10.230673] cloud-init[656]: ci-info: |   lo   |  True |         127.0.0.1          |   255.0.0.0   |  host  |         .         |
[   10.232043] cloud-init[656]: ci-info: |   lo   |  True |          ::1/128           |       .       |  host  |         .         |
[   10.233526] cloud-init[656]: ci-info: +--------+-------+----------------------------+---------------+--------+-------------------+
[   10.235829] cloud-init[656]: ci-info: ++++++++++++++++++++++++++++Route IPv4 info+++++++++++++++++++++++++++++
[   10.237869] cloud-init[656]: ci-info: +-------+-------------+----------+-----------------+-----------+-------+
[   10.239907] cloud-init[656]: ci-info: | Route | Destination | Gateway  |     Genmask     | Interface | Flags |
[   10.242768] cloud-init[656]: ci-info: +-------+-------------+----------+-----------------+-----------+-------+
[   10.245528] cloud-init[656]: ci-info: |   0   |   0.0.0.0   | 10.0.2.2 |     0.0.0.0     |   enp0s3  |   UG  |
[   10.247492] cloud-init[656]: ci-info: |   1   |   10.0.2.0  | 0.0.0.0  |  255.255.255.0  |   enp0s3  |   U   |
[   10.251276] cloud-init[656]: ci-info: |   2   |   10.0.2.2  | 0.0.0.0  | 255.255.255.255 |   enp0s3  |   UH  |
[   10.253869] cloud-init[656]: ci-info: +-------+-------------+----------+-----------------+-----------+-------+
[   10.260080] cloud-init[656]: ci-info: +++++++++++++++++++Route IPv6 info+++++++++++++++++++
[   10.272411] cloud-init[656]: ci-info: +-------+-------------+---------+-----------+-------+
[   10.284214] cloud-init[656]: ci-info: | Route | Destination | Gateway | Interface | Flags |
[   10.296225] cloud-init[656]: ci-info: +-------+-------------+---------+-----------+-------+
[   10.300157] cloud-init[656]: ci-info: |   1   |  fe80::/64  |    ::   |   enp0s3  |   U   |
[   10.301663] cloud-init[656]: ci-info: |   3   |    local    |    ::   |   enp0s3  |   U   |
[   10.312285] cloud-init[656]: ci-info: |   4   |   ff00::/8  |    ::   |   enp0s3  |   U   |
[   10.324248] cloud-init[656]: ci-info: +-------+-------------+---------+-----------+-------+
[   10.936236] cloud-init[656]: Generating public/private rsa key pair.
[   10.937341] cloud-init[656]: Your identification has been saved in /etc/ssh/ssh_host_rsa_key.
[   10.939057] cloud-init[656]: Your public key has been saved in /etc/ssh/ssh_host_rsa_key.pub.
[   10.944633] cloud-init[656]: The key fingerprint is:
[   10.945535] cloud-init[656]: SHA256:te/4BSGAAfswaNlLt+MvIjYEeGBx2bLbLV89sMKJ1S4 root@ubuntu-bionic
[   10.948106] cloud-init[656]: The key's randomart image is:
[   10.952308] cloud-init[656]: +---[RSA 2048]----+
[   10.953307] cloud-init[656]: | ...+..o.        |
[   10.954254] cloud-init[656]: |...* o.  .       |
[   10.956150] cloud-init[656]: |o.+ O . . o .    |
[   10.960278] cloud-init[656]: |o..o * o + o .   |
[   10.961266] cloud-init[656]: | o  + O S = .    |
[   10.962399] cloud-init[656]: |  .. = E + + .   |
[   10.964176] cloud-init[656]: | .    + +   o .  |
[   10.968183] cloud-init[656]: |  + . .o   o .   |
[   10.969194] cloud-init[656]: | . o . .. ..o    |
[   10.970159] cloud-init[656]: +----[SHA256]-----+
[   10.972492] cloud-init[656]: Generating public/private dsa key pair.
[   10.976191] cloud-init[656]: Your identification has been saved in /etc/ssh/ssh_host_dsa_key.
[   10.980166] cloud-init[656]: Your public key has been saved in /etc/ssh/ssh_host_dsa_key.pub.
[   10.981751] cloud-init[656]: The key fingerprint is:
[   10.984154] cloud-init[656]: SHA256:olfwKd7tFOWnCV5s3ZR7bBl/AdbPbyjkF4+hSM/Avsc root@ubuntu-bionic
[   10.988154] cloud-init[656]: The key's randomart image is:
[   10.992504] cloud-init[656]: +---[DSA 1024]----+
[   10.993532] cloud-init[656]: |             o.  |
[   10.994647] cloud-init[656]: |            . ...|
[   10.996181] cloud-init[656]: |      .  .  .  =o|
[   11.000123] cloud-init[656]: |       o .++..o+O|
[   11.012597] cloud-init[656]: |      o SooB=.oOO|
[[0;32m  OK  [0m] Started Initial cloud-init job (metadata service crawler).
[[0;32m  OK  [0m] Reached target Network is Online.
[   11.027707] cloud-init[656]: |     o = oo=*++.*|[[0;32m  OK  [0m] Reached target Remote File Systems (Pre).
[[0;32m  OK  [0m] Reached target Remote File Systems.
         Starting Availability of block devices...
[[0;32m  OK  [0m] Reached target System Initialization.

[   11.054816] cloud-init[656]: |    . o . +ooo . |
[   11.055992] cloud-init[656]: |     .   o. E    |
         Starting LXD - unix socket.
[[0;32m  OK  [0m] Listening on UUID daemon activation socket.
[   11.063336] cloud-init[656]: [[0;32m  OK  [0m] Started Daily Cleanup of Temporary Directories.
|          ..     |
[   11.067352] cloud-init[656]: +----[SHA256]-----+         Starting Socket activation for snappy daemon.
[[0;32m  OK  [0m] Started Discard unused blocks once a week.
[   11.074223] cloud-init[656]: Generating public/private ecdsa key pair.
[   11.075523] cloud-init[656]: 
[[0;32m  OK  [0m] Started ACPI Events Check.
[[0;32m  OK  [0m] Listening on Open-iSCSI iscsid Socket.
[[0;32m  OK  [0m] Listening on ACPID Listen Socket.
[[0;32m  OK  [0m] Started Message of the Day.
[[0;32m  OK  [0m] Listening on D-Bus System Message Bus Socket.
Your identification has been saved in /etc/ssh/ssh_host_ecdsa_key.
[   11.086080] cloud-init[656]: Your public key has been saved in /etc/ssh/ssh_host_ecdsa_key.pub.
[   11.087669] cloud-init[[0;32m  OK  [0m] Started Daily apt download activities.
[[0;32m  OK  [0m] Started Daily apt upgrade and clean activities.
[[0;32m  OK  [0m] Reached target Timers.
[[0;32m  OK  [0m] Reached target Paths.
[[0;32m  OK  [0m] Reached target Cloud-config availability.
[[0;32m  OK  [0m] Started Availability of block devices.
[[0;32m  OK  [0m] Listening on LXD - unix socket.
[[0;32m  OK  [0m] Listening on Socket activation for snappy daemon.
[[0;32m  OK  [0m] Reached target Sockets.
[[0;32m  OK  [0m] Reached target Basic System.
[656]: The key fingerprint is:
[   11.100906] cloud-init[656]: SHA256:STDvfu+vUXBfdj/NZL83wMCOa9QkSD5j6TJQxriDKMw root@ubuntu-bionic
[   11.102086] cloud-init[656]: The key's randomart image is:
[   11.102975] cloud-init[656]: +---[ECDSA 256]---+
         Starting System Logging Service...
[   11.105232] cloud-init[656]: |    ooo.         |
[   11.109510] cloud-init[656]: |   .o.o+o .      |
         Starting Pollinate to seed the pseudo random number generator...
[   11.111781] cloud-init[656]: |+ ...  Bo. +. . *|
[[0;32m  OK  [0m] Started Deferred execution scheduler.[   11.128441] cloud-init[656]: |oE o. ooo.* oo **|
[   11.129461] cloud-init[656]: |.   .o .So o o..*|
[   11.130465] cloud-init[656]: |      o.. .  .. o|
[   11.131457] cloud-init[656]: 
|        .o. .  o.|
[   11.140236] cloud-init[656]: |        .. . .  o|
[   11.144248] cloud-init[656]: |           .+o.  |
[   11.147187] cloud-init[656]: +----[SHA256]-----+
[   11.149393] cloud-init[656]: Generating public/private ed25519 key pair.
[   11.151946] cloud-init[656]: Your identification has been saved in /etc/ssh/ssh_host_ed25519_key.[[0;32m  OK  [0m] Started Regular background program processing daemon.
         Starting Permit User Sessions...

[   11.158894]          Starting Snap Daemon...
         Starting LSB: automatic crash report generation...
cloud-init[656]: Your public key has been saved in /etc/ssh/ssh_host_ed25519_key.pub.         Starting Virtualbox guest utils...
[[0;32m  OK  [0m] Started D-Bus System Message Bus.

[   11.179251] cloud-init[656]: The key fingerprint is:
[   11.181118] cloud-init[656]: SHA256:Ol2OGeIYnU1zFnMM+MECe1AGJZfCyfeH+ZKlt2EVoL8 root@ubuntu-bionic
[   11.183924] cloud-init[656]: The key's randomart image is:
[   11.185905] cloud-init[656]: +--[ED25519 256]--+
[   11.188752] cloud-init[656]: |     o=*=++oo.   |
[   11.191905] cloud-init[656]: |      =*= o=. .  |
[   11.193796] cloud-init[656]: |      .o++++   . |
[   11.204423] cloud-init[656]: |     . = +=.o .  |
[   11.204911] cloud-init[656]: |    . + S .*..   |
[   11.216690] cloud-init[656]: |     + + *+ =.   |
[   11.218612] cloud-init[656]: |    . + + .+Eo   |
[   11.220114]          Starting LSB: Record successful boot for GRUB...
cloud-init[656]: |       .    .    |
[   11.240748] cloud-init[656]: |                 |
[   11.243400] cloud-init[656]: +----[SHA256]-----+
[[0;32m  OK  [0m] Started irqbalance daemon.
[[0;32m  OK  [0m] Started FUSE filesystem for LXC.
         Starting Dispatcher daemon for systemd-networkd...
         Starting Login Service...
         Starting Accounts Service...
         Starting LXD - container startup/shutdown...
[[0;32m  OK  [0m] Started System Logging Service.
[[0;32m  OK  [0m] Started Permit User Sessions.
         Starting Terminate Plymouth Boot Screen...
         Starting Hold until boot process finishes up...
[[0;32m  OK  [0m] Started Hold until boot process finishes up.
         Starting Set console scheme...
[[0;32m  OK  [0m] Started Serial Getty on ttyS0.
[[0;32m  OK  [0m] Started Terminate Plymouth Boot Screen.
[[0;32m  OK  [0m] Started Set console scheme.
[[0;32m  OK  [0m] Started Login Service.
[[0;32m  OK  [0m] Started Unattended Upgrades Shutdown.
[[0;32m  OK  [0m] Created slice system-getty.slice.
[[0;32m  OK  [0m] Started Getty on tty1.
[[0;32m  OK  [0m] Reached target Login Prompts.
         Starting Authorization Manager...
[[0;32m  OK  [0m] Started LSB: automatic crash report generation.
[[0;32m  OK  [0m] Started Authorization Manager.
[[0;32m  OK  [0m] Started Accounts Service.
[[0;32m  OK  [0m] Started LXD - container startup/shutdown.
[[0;32m  OK  [0m] Started LSB: Record successful boot for GRUB.
[[0;32m  OK  [0m] Started Virtualbox guest utils.
[[0;32m  OK  [0m] Started Dispatcher daemon for systemd-networkd.
[[0;32m  OK  [0m] Started Snap Daemon.
         Starting Wait until snapd is fully seeded...
[[0;32m  OK  [0m] Started Wait until snapd is fully seeded.
         Starting Apply the settings specified in cloud-config...
[   13.441776] cloud-init[997]: Cloud-init v. 20.3-2-g371b392c-0ubuntu1~18.04.1 running 'modules:config' at Thu, 15 Oct 2020 10:20:13 +0000. Up 13.08 seconds.
[[0;32m  OK  [0m] Started Apply the settings specified in cloud-config.

Ubuntu 18.04.5 LTS ubuntu-bionic ttyS0

ubuntu-bionic login: ci-info: no authorized SSH keys fingerprints found for user ubuntu.
<14>Oct 15 10:20:19 ec2: 
<14>Oct 15 10:20:19 ec2: #############################################################
<14>Oct 15 10:20:19 ec2: -----BEGIN SSH HOST KEY FINGERPRINTS-----
<14>Oct 15 10:20:19 ec2: 1024 SHA256:olfwKd7tFOWnCV5s3ZR7bBl/AdbPbyjkF4+hSM/Avsc root@ubuntu-bionic (DSA)
<14>Oct 15 10:20:19 ec2: 256 SHA256:STDvfu+vUXBfdj/NZL83wMCOa9QkSD5j6TJQxriDKMw root@ubuntu-bionic (ECDSA)
<14>Oct 15 10:20:19 ec2: 256 SHA256:Ol2OGeIYnU1zFnMM+MECe1AGJZfCyfeH+ZKlt2EVoL8 root@ubuntu-bionic (ED25519)
<14>Oct 15 10:20:19 ec2: 2048 SHA256:te/4BSGAAfswaNlLt+MvIjYEeGBx2bLbLV89sMKJ1S4 root@ubuntu-bionic (RSA)
<14>Oct 15 10:20:19 ec2: -----END SSH HOST KEY FINGERPRINTS-----
<14>Oct 15 10:20:19 ec2: #############################################################
-----BEGIN SSH HOST KEY KEYS-----
ecdsa-sha2-nistp256 AAAAE2VjZHNhLXNoYTItbmlzdHAyNTYAAAAIbmlzdHAyNTYAAABBBBep3MA1d1NqbT+OSERdsHPiZKbL9iCdsHnXMSw4jkNPXxkPRLg9eObe+E9TA7xqr/reByT4ZKk0wqD8b/02W3w= root@ubuntu-bionic
ssh-ed25519 AAAAC3NzaC1lZDI1NTE5AAAAIFonsjQGk+cOO28Vqq/Mu97jkaxIk02Dk70H0BS2Apv7 root@ubuntu-bionic
ssh-rsa AAAAB3NzaC1yc2EAAAADAQABAAABAQDA4TMlQU71SNZeYggic3Jxif6R7os9snZ5Si4mdnsSpQHIkBtxaWieLpTU2Rx2/uOs1FOto6NGIacl61Nv0AcnhW+gw9cqD0Ei90Ietdz8RWmf+xCVscdUqXBpFdYFUNs/OKZ719ulltmjHoPsBLYCnDtHphw21lm7F36UbTQMwfyV7vuq/jkV0v7frMw/IfijyazUJUkxXDU4i5hR3X5CdmdUD72uS26Go/ijR8adtmF87Qfz25cxs1WhEKPXWRS6AQOxo6hCQdr5WVm2O2O/3GzYv/JemR0zYenhdTiEm5vXzLuZqOxOUzbvZSJncUlu2nJZkMemxKMVmtw9fcKD root@ubuntu-bionic
-----END SSH HOST KEY KEYS-----
[   18.449640] cloud-init[1094]: Cloud-init v. 20.3-2-g371b392c-0ubuntu1~18.04.1 running 'modules:final' at Thu, 15 Oct 2020 10:20:18 +0000. Up 18.16 seconds.
[   18.450011] cloud-init[1094]: ci-info: no authorized SSH keys fingerprints found for user ubuntu.
[   18.450126] cloud-init[1094]: Cloud-init v. 20.3-2-g371b392c-0ubuntu1~18.04.1 finished at Thu, 15 Oct 2020 10:20:19 +0000. Datasource DataSourceNoCloud [seed=/dev/sdb][dsmode=net].  Up 18.43 seconds
